Built from '6000.3/staging' branch; Version is '6000.3.7f1 (696ec25a53d1) revision 6909634'; Using compiler version '194234433'; Build Type 'Release'
[Licensing::Module] Trying to connect to existing licensing client channel...
OS: 'Windows 11  (10.0.26200) Education' Language: 'en' Physical Memory: 16310 MB
BatchMode: 1, IsHumanControllingUs: 0, StartBugReporterOnCrash: 0, Is64bit: 1
System  architecture: x64
Process architecture: x64
Date: 2026-02-15T23:04:52Z
[Licensing::IpcConnector] Successfully connected to: "LicenseClient-David" at "2026-02-15T23:04:52.6055508Z"

COMMAND LINE ARGUMENTS:
C:\Program Files\Unity\Hub\Editor\6000.3.7f1\Editor\Unity.exe
-adb2
-batchMode
-noUpm
-name
AssetImportWorker16
-projectPath
C:/Users/David/Documents/GitHub/417mp0/417mp0
-logFile
Logs/AssetImportWorker16.log
-srvPort
55926
-licensingIpc
LicenseClient-David
-job-worker-count
5
-background-job-worker-count
8
-gc-helper-count
1
-name
AssetImport
Successfully changed project path to: C:/Users/David/Documents/GitHub/417mp0/417mp0
C:/Users/David/Documents/GitHub/417mp0/417mp0
[UnityMemory] Configuration Parameters - Can be set up in boot.config
    "memorysetup-temp-allocator-size-nav-mesh-worker=65536"
    "memorysetup-temp-allocator-size-audio-worker=65536"
    "memorysetup-temp-allocator-size-gfx=262144"
    "memorysetup-allocator-temp-initial-block-size-main=262144"
    "memorysetup-allocator-temp-initial-block-size-worker=262144"
    "memorysetup-temp-allocator-size-background-worker=32768"
    "memorysetup-temp-allocator-size-job-worker=262144"
    "memorysetup-temp-allocator-size-preload-manager=33554432"
    "memorysetup-temp-allocator-size-gi-baking-worker=262144"
    "memorysetup-temp-allocator-size-gi-baking-worker=262144"
    "memorysetup-temp-allocator-size-gi-baking-worker=262144"
    "memorysetup-temp-allocator-size-gi-baking-worker=262144"
    "memorysetup-temp-allocator-size-gi-baking-worker=262144"
    "memorysetup-bucket-allocator-granularity=16"
    "memorysetup-bucket-allocator-bucket-count=8"
    "memorysetup-bucket-allocator-block-size=33554432"
    "memorysetup-bucket-allocator-block-count=8"
    "memorysetup-main-allocator-block-size=16777216"
    "memorysetup-thread-allocator-block-size=16777216"
    "memorysetup-gfx-main-allocator-block-size=16777216"
    "memorysetup-gfx-thread-allocator-block-size=16777216"
    "memorysetup-cache-allocator-block-size=4194304"
    "memorysetup-typetree-allocator-block-size=2097152"
    "memorysetup-profiler-bucket-allocator-granularity=16"
    "memorysetup-profiler-bucket-allocator-bucket-count=8"
    "memorysetup-profiler-bucket-allocator-block-size=33554432"
    "memorysetup-profiler-bucket-allocator-block-count=8"
    "memorysetup-profiler-allocator-block-size=16777216"
    "memorysetup-profiler-editor-allocator-block-size=1048576"
    "memorysetup-temp-allocator-size-main=16777216"
    "memorysetup-job-temp-allocator-block-size=2097152"
    "memorysetup-job-temp-allocator-block-size-background=1048576"
    "memorysetup-job-temp-allocator-reduction-small-platforms=262144"
    "memorysetup-temp-allocator-size-cloud-worker=32768"
Player connection [31848]  Target information:

Player connection [31848]  * "[IP] 192.168.0.102 [Port] 0 [Flags] 2 [Guid] 3955626158 [EditorId] 3955626158 [Version] 1048832 [Id] WindowsEditor(7,Clanker) [Debug] 1 [PackageName] WindowsEditor [ProjectName] Editor" 

Player connection [31848] Host joined multi-casting on [225.0.0.222:54997]...
Player connection [31848] Host joined alternative multi-casting on [225.0.0.222:34997]...
JobSystem: Creating JobQueue using job-worker-count value 5
Input System module state changed to: Initialized.
[Physics::Module] Initialized fallback backend.
[Physics::Module] Id: 0xdecafbad
Library Redirect Path: Library/
[Physics::Module] Selected backend.
[Physics::Module] Name: PhysX
[Physics::Module] Id: 0xf2b8ea05
[Physics::Module] SDK Version: 4.1.2
[Physics::Module] Integration Version: 1.0.0
[Physics::Module] Threading Mode: Multi-Threaded
Refreshing native plugins compatible for Editor in 25.72 ms, found 9 plugins.
Preloading 0 native plugins for Editor in 0.00 ms.
Initialize engine version: 6000.3.7f1 (696ec25a53d1)
[Subsystems] Discovering subsystems at path C:/Program Files/Unity/Hub/Editor/6000.3.7f1/Editor/Data/Resources/UnitySubsystems
[Subsystems] Discovering subsystems at path C:/Users/David/Documents/GitHub/417mp0/417mp0/Assets
GfxDevice: creating device client; kGfxThreadingModeNonThreaded
Direct3D:
    Version:  Direct3D 11.0 [level 11.1]
    Renderer: Intel(R) Arc(TM) A750 Graphics (ID=0x56a1)
    Vendor:   Intel
    VRAM:     8096 MB
    Driver:   32.0.101.8250
Initialize mono
Mono path[0] = 'C:/Program Files/Unity/Hub/Editor/6000.3.7f1/Editor/Data/Managed'
Mono path[1] = 'C:/Program Files/Unity/Hub/Editor/6000.3.7f1/Editor/Data/MonoBleedingEdge/lib/mono/unityjit-win32'
Mono config path = 'C:/Program Files/Unity/Hub/Editor/6000.3.7f1/Editor/Data/MonoBleedingEdge/etc'
Using monoOptions --debugger-agent=transport=dt_socket,embedding=1,server=y,suspend=n,address=127.0.0.1:56516
Begin MonoManager ReloadAssembly
Registering precompiled unity dll's ...
Register platform support module: C:/Program Files/Unity/Hub/Editor/6000.3.7f1/Editor/Data/PlaybackEngines/WebGLSupport/UnityEditor.WebGL.Extensions.dll
Register platform support module: C:/Program Files/Unity/Hub/Editor/6000.3.7f1/Editor/Data/PlaybackEngines/WindowsStandaloneSupport/UnityEditor.WindowsStandalone.Extensions.dll
Registered in 0.002886 seconds.
- Loaded All Assemblies, in  0.537 seconds
Native extension for WindowsStandalone target not found
Native extension for WebGL target not found
ScheduleIndexationOnStartup MainProcess:False IndexOnStartup:True
Mono: successfully reloaded assembly
- Finished resetting the current domain, in  0.658 seconds
Domain Reload Profiling: 1192ms
	BeginReloadAssembly (157ms)
		ExecutionOrderSort (0ms)
		DisableScriptedObjects (0ms)
		BackupInstance (0ms)
		ReleaseScriptingObjects (0ms)
		CreateAndSetChildDomain (1ms)
	RebuildCommonClasses (52ms)
	RebuildNativeTypeToScriptingClass (18ms)
	initialDomainReloadingComplete (62ms)
	LoadAllAssembliesAndSetupDomain (245ms)
		LoadAssemblies (155ms)
		RebuildTransferFunctionScriptingTraits (0ms)
		AnalyzeDomain (241ms)
			TypeCache.Refresh (239ms)
				TypeCache.ScanAssembly (221ms)
			BuildScriptInfoCaches (0ms)
			ResolveRequiredComponents (1ms)
	FinalizeReload (658ms)
		ReleaseScriptCaches (0ms)
		RebuildScriptCaches (0ms)
		SetupLoadedEditorAssemblies (592ms)
			LogAssemblyErrors (0ms)
			InitializePlatformSupportModulesInManaged (71ms)
			SetLoadedEditorAssemblies (5ms)
			BeforeProcessingInitializeOnLoad (148ms)
			ProcessInitializeOnLoadAttributes (261ms)
			ProcessInitializeOnLoadMethodAttributes (107ms)
			AfterProcessingInitializeOnLoad (0ms)
			EditorAssembliesLoaded (0ms)
		ExecutionOrderSort2 (0ms)
		AwakeInstancesAfterBackupRestoration (0ms)
========================================================================
Worker process is ready to serve import requests
Import Worker Mode flag is 0x00
Begin MonoManager ReloadAssembly
[Licensing::Module] Licensing is not yet initialized.
[Licensing::Client] Handshaking with LicensingClient:
  Version:                 1.17.4+4293ba1
  Session Id:              25c2f60e65654b06bbfc20ce03d288c2
  Correlation Id:          cf7bd1cdebd5df81af440b9ac2a3feb6
  External correlation Id: 378548641989023442
  Machine Id:              oOO++Go59dRVU4f7iHP3tHccoWM=
[Licensing::Module] Successfully connected to LicensingClient on channel: "LicenseClient-David" (connect: 0.00s, validation: 0.00s, handshake: 2.75s)
[Licensing::IpcConnector] Successfully connected to: "LicenseClient-David-notifications" at "2026-02-15T23:04:55.3586414Z"
[Licensing::Module] Licensing Background thread has ended after 2.76s
[Licensing::Module] Licensing is initialized (took 0.30s).
[Licensing::Client] Successfully resolved entitlement details
[Licensing::Module] License group:
  Id: 2474567028694-UnityPersXXXX
  Product: Unity Personal
  Type: Assigned
  Expiration: Unlimited
Symbol file LoadedFromMemory is not a mono symbol file
- Loaded All Assemblies, in  1.260 seconds
Refreshing native plugins compatible for Editor in 7.70 ms, found 9 plugins.
Native extension for WindowsStandalone target not found
Native extension for WebGL target not found
Refreshing native plugins compatible for Editor in 8.88 ms, found 9 plugins.
Package Manager log level set to [2]
[Package Manager] Failed to launch server process. Reason: Unity was launched with the -noUpm command-line argument
[Package Manager] Unable to send message (not connected to server process).
[Package Manager] Cannot connect to Unity Package Manager local server
ScheduleIndexationOnStartup MainProcess:False IndexOnStartup:True
Mono: successfully reloaded assembly
[Package Manager] Failed to launch server process. Reason: Unity was launched with the -noUpm command-line argument
[Package Manager] Unable to send message (not connected to server process).
[Package Manager] Cannot connect to Unity Package Manager local server
[Package Manager] Failed to launch server process. Reason: Unity was launched with the -noUpm command-line argument
[Package Manager] Unable to send message (not connected to server process).
[Package Manager] Cannot connect to Unity Package Manager local server
- Finished resetting the current domain, in  1.035 seconds
Domain Reload Profiling: 2291ms
	BeginReloadAssembly (527ms)
		ExecutionOrderSort (0ms)
		DisableScriptedObjects (9ms)
		BackupInstance (0ms)
		ReleaseScriptingObjects (0ms)
		CreateAndSetChildDomain (59ms)
	RebuildCommonClasses (44ms)
	RebuildNativeTypeToScriptingClass (17ms)
	initialDomainReloadingComplete (43ms)
	LoadAllAssembliesAndSetupDomain (625ms)
		LoadAssemblies (409ms)
		RebuildTransferFunctionScriptingTraits (0ms)
		AnalyzeDomain (322ms)
			TypeCache.Refresh (217ms)
				TypeCache.ScanAssembly (198ms)
			BuildScriptInfoCaches (83ms)
			ResolveRequiredComponents (18ms)
	FinalizeReload (1036ms)
		ReleaseScriptCaches (0ms)
		RebuildScriptCaches (0ms)
		SetupLoadedEditorAssemblies (806ms)
			LogAssemblyErrors (0ms)
			InitializePlatformSupportModulesInManaged (2ms)
			SetLoadedEditorAssemblies (6ms)
			BeforeProcessingInitializeOnLoad (226ms)
			ProcessInitializeOnLoadAttributes (431ms)
			ProcessInitializeOnLoadMethodAttributes (134ms)
			AfterProcessingInitializeOnLoad (6ms)
			EditorAssembliesLoaded (0ms)
		ExecutionOrderSort2 (0ms)
		AwakeInstancesAfterBackupRestoration (7ms)
Launched and connected shader compiler UnityShaderCompiler.exe after 0.02 seconds
Refreshing native plugins compatible for Editor in 6.26 ms, found 9 plugins.
Preloading 0 native plugins for Editor in 0.00 ms.
Unloading 28 Unused Serialized files (Serialized files now loaded: 0)
Unloading 7872 unused Assets / (6.5 MB). Loaded Objects now: 8704.
Memory consumption went from 163.4 MB to 156.9 MB.
Total: 8.549700 ms (FindLiveObjects: 0.777700 ms CreateObjectMapping: 0.365800 ms MarkObjects: 5.230100 ms  DeleteObjects: 2.175600 ms)

========================================================================
Received Import Request.
  Time since last request: 182979.639179 seconds.
  path: Assets/Stylized Crystal/Mesh/Materials/crystal_17_2.mat
  artifactKey: Guid(a0f91f34ae2cd6f4d80819a53b2c9b03) Importer(2089858483,b0f066a214c2f5e87bad3c948f4d605d)
Start importing Assets/Stylized Crystal/Mesh/Materials/crystal_17_2.mat using Guid(a0f91f34ae2cd6f4d80819a53b2c9b03) Importer(2089858483,b0f066a214c2f5e87bad3c948f4d605d) (ScriptedImporter) -> (artifact id: 'c830f6f081a572891f5a14283e5884e8') in 0.0820885 seconds
Number of updated asset objects reloaded before import = 0Number of asset objects unloaded after import = 1

========================================================================
Received Import Request.
  Time since last request: 4.396668 seconds.
  path: Assets/LoafbrrAssets/Modular Stage/prefab/StageParts/Stage_Support_B_Pillar.prefab
  artifactKey: Guid(8a131a94135a8fd459bc90ffa9863a6f) Importer(2089858483,b0f066a214c2f5e87bad3c948f4d605d)
Start importing Assets/LoafbrrAssets/Modular Stage/prefab/StageParts/Stage_Support_B_Pillar.prefab using Guid(8a131a94135a8fd459bc90ffa9863a6f) Importer(2089858483,b0f066a214c2f5e87bad3c948f4d605d) (ScriptedImporter) -> (artifact id: '90813ba3e2339aa77ab3e9d6fe079147') in 0.0926631 seconds
Number of updated asset objects reloaded before import = 0Number of asset objects unloaded after import = 10

========================================================================
Received Import Request.
  Time since last request: 0.000076 seconds.
  path: Assets/LoafbrrAssets/Modular Stage/prefab/StageParts/Stage_Support_A_Truss.prefab
  artifactKey: Guid(d86e4f51ba302d144a5d458603c26f04) Importer(2089858483,b0f066a214c2f5e87bad3c948f4d605d)
Start importing Assets/LoafbrrAssets/Modular Stage/prefab/StageParts/Stage_Support_A_Truss.prefab using Guid(d86e4f51ba302d144a5d458603c26f04) Importer(2089858483,b0f066a214c2f5e87bad3c948f4d605d) (ScriptedImporter) -> (artifact id: '69fcc03a5dac28666c1e960ad8ad430b') in 0.0367907 seconds
Number of updated asset objects reloaded before import = 0Number of asset objects unloaded after import = 10

========================================================================
Received Import Request.
  Time since last request: 0.000030 seconds.
  path: Assets/LoafbrrAssets/Modular Stage/Textures/StageTrim/StageTrim_Diffuse_2K.png
  artifactKey: Guid(bd9e92f29d40ac44c892933adf5d0757) Importer(2089858483,b0f066a214c2f5e87bad3c948f4d605d)
Start importing Assets/LoafbrrAssets/Modular Stage/Textures/StageTrim/StageTrim_Diffuse_2K.png using Guid(bd9e92f29d40ac44c892933adf5d0757) Importer(2089858483,b0f066a214c2f5e87bad3c948f4d605d) (ScriptedImporter) -> (artifact id: '2b3bbdeaab68359b7bee4db2ee442f93') in 0.0583211 seconds
Number of updated asset objects reloaded before import = 0Number of asset objects unloaded after import = 1

========================================================================
Received Import Request.
  Time since last request: 0.000020 seconds.
  path: Assets/LoafbrrAssets/Modular Stage/prefab/StageParts/Stage_Stairs_C.prefab
  artifactKey: Guid(31a4bcc476ebb93428e2126069b04509) Importer(2089858483,b0f066a214c2f5e87bad3c948f4d605d)
Start importing Assets/LoafbrrAssets/Modular Stage/prefab/StageParts/Stage_Stairs_C.prefab using Guid(31a4bcc476ebb93428e2126069b04509) Importer(2089858483,b0f066a214c2f5e87bad3c948f4d605d) (ScriptedImporter) -> (artifact id: '6ed0cdc1b8b04169e3316be495930781') in 0.02899 seconds
Number of updated asset objects reloaded before import = 0Number of asset objects unloaded after import = 10

========================================================================
Received Import Request.
  Time since last request: 0.000020 seconds.
  path: Assets/LoafbrrAssets/Modular Stage/Textures
  artifactKey: Guid(82d262948d75cdf48b809f4c72cdb4a3) Importer(2089858483,b0f066a214c2f5e87bad3c948f4d605d)
Start importing Assets/LoafbrrAssets/Modular Stage/Textures using Guid(82d262948d75cdf48b809f4c72cdb4a3) Importer(2089858483,b0f066a214c2f5e87bad3c948f4d605d) (ScriptedImporter) -> (artifact id: '606148a7d849adc302a98c460192ad92') in 0.0159269 seconds
Number of updated asset objects reloaded before import = 0Number of asset objects unloaded after import = 1

========================================================================
Received Import Request.
  Time since last request: 0.000039 seconds.
  path: Assets/LoafbrrAssets/Modular Stage/prefab/StageParts/Truss_Beam.prefab
  artifactKey: Guid(f286e77f2c2c7aa45a4618b364652ca1) Importer(2089858483,b0f066a214c2f5e87bad3c948f4d605d)
Start importing Assets/LoafbrrAssets/Modular Stage/prefab/StageParts/Truss_Beam.prefab using Guid(f286e77f2c2c7aa45a4618b364652ca1) Importer(2089858483,b0f066a214c2f5e87bad3c948f4d605d) (ScriptedImporter) -> (artifact id: 'd943b72cdc3fb058a1ed305fd16a5e6a') in 0.0269464 seconds
Number of updated asset objects reloaded before import = 0Number of asset objects unloaded after import = 10

========================================================================
Received Import Request.
  Time since last request: 0.000027 seconds.
  path: Assets/LoafbrrAssets/Modular Stage/Textures/StageTrim/StageTrim_Ambient Occlusion_2K.png
  artifactKey: Guid(79f6ebb7231e1754fbc76e9b076b42ca) Importer(2089858483,b0f066a214c2f5e87bad3c948f4d605d)
Start importing Assets/LoafbrrAssets/Modular Stage/Textures/StageTrim/StageTrim_Ambient Occlusion_2K.png using Guid(79f6ebb7231e1754fbc76e9b076b42ca) Importer(2089858483,b0f066a214c2f5e87bad3c948f4d605d) (ScriptedImporter) -> (artifact id: '191df91a6799068d1635f4a7f2144ba8') in 0.0318738 seconds
Number of updated asset objects reloaded before import = 0Number of asset objects unloaded after import = 1

========================================================================
Received Import Request.
  Time since last request: 0.000024 seconds.
  path: Assets/LoafbrrAssets/Modular Stage/prefab/StageParts/Stage_Stairs_A.prefab
  artifactKey: Guid(57d3ff4a3ec08f34aaba591ebb6aeac4) Importer(2089858483,b0f066a214c2f5e87bad3c948f4d605d)
Start importing Assets/LoafbrrAssets/Modular Stage/prefab/StageParts/Stage_Stairs_A.prefab using Guid(57d3ff4a3ec08f34aaba591ebb6aeac4) Importer(2089858483,b0f066a214c2f5e87bad3c948f4d605d) (ScriptedImporter) -> (artifact id: '5a3ef0471c553cc18e778f5256260c85') in 0.0307423 seconds
Number of updated asset objects reloaded before import = 0Number of asset objects unloaded after import = 10

========================================================================
Received Import Request.
  Time since last request: 0.000080 seconds.
  path: Assets/LoafbrrAssets/Modular Stage/Textures/StageTrim/StageTrim_Diffuse_1K.png
  artifactKey: Guid(5721a13d72e5dca429120eef7f50f30d) Importer(2089858483,b0f066a214c2f5e87bad3c948f4d605d)
Start importing Assets/LoafbrrAssets/Modular Stage/Textures/StageTrim/StageTrim_Diffuse_1K.png using Guid(5721a13d72e5dca429120eef7f50f30d) Importer(2089858483,b0f066a214c2f5e87bad3c948f4d605d) (ScriptedImporter) -> (artifact id: '676d0f4467da4da0ee7aea71280e1882') in 0.0345851 seconds
Number of updated asset objects reloaded before import = 0Number of asset objects unloaded after import = 1

========================================================================
Received Import Request.
  Time since last request: 0.000037 seconds.
  path: Assets/LoafbrrAssets/Modular Stage/prefab/StageParts/Stage_B_SideLong.prefab
  artifactKey: Guid(c4446fd97e8971e428372603d6b1bd1c) Importer(2089858483,b0f066a214c2f5e87bad3c948f4d605d)
Start importing Assets/LoafbrrAssets/Modular Stage/prefab/StageParts/Stage_B_SideLong.prefab using Guid(c4446fd97e8971e428372603d6b1bd1c) Importer(2089858483,b0f066a214c2f5e87bad3c948f4d605d) (ScriptedImporter) -> (artifact id: 'dc1e386d53e15ea0c1e314cc348123ac') in 0.0257616 seconds
Number of updated asset objects reloaded before import = 0Number of asset objects unloaded after import = 10

========================================================================
Received Import Request.
  Time since last request: 0.000030 seconds.
  path: Assets/LoafbrrAssets/Modular Stage/Textures/StageTrim/StageTrim_Metalness_1K.png
  artifactKey: Guid(dd7b627079678e64994cba451a71180c) Importer(2089858483,b0f066a214c2f5e87bad3c948f4d605d)
Start importing Assets/LoafbrrAssets/Modular Stage/Textures/StageTrim/StageTrim_Metalness_1K.png using Guid(dd7b627079678e64994cba451a71180c) Importer(2089858483,b0f066a214c2f5e87bad3c948f4d605d) (ScriptedImporter) -> (artifact id: '74b163940c65cf747f3ac48a3f66f5f3') in 0.0246245 seconds
Number of updated asset objects reloaded before import = 0Number of asset objects unloaded after import = 1

========================================================================
Received Import Request.
  Time since last request: 0.000070 seconds.
  path: Assets/LoafbrrAssets/Modular Stage/Material/ModularStage_Mat.mat
  artifactKey: Guid(19a9050774f4abf4183a6813adcd2260) Importer(2089858483,b0f066a214c2f5e87bad3c948f4d605d)
Start importing Assets/LoafbrrAssets/Modular Stage/Material/ModularStage_Mat.mat using Guid(19a9050774f4abf4183a6813adcd2260) Importer(2089858483,b0f066a214c2f5e87bad3c948f4d605d) (ScriptedImporter) -> (artifact id: '2dbbecda0379b7046a6d7f0a372502b7') in 0.0387736 seconds
Number of updated asset objects reloaded before import = 0Number of asset objects unloaded after import = 9

========================================================================
Received Import Request.
  Time since last request: 0.000024 seconds.
  path: Assets/LoafbrrAssets/Modular Stage/Textures/StageTrim/StageTrim_Normal_1K.png
  artifactKey: Guid(155286b7c13fc0045a0b834a3d252e6b) Importer(2089858483,b0f066a214c2f5e87bad3c948f4d605d)
Start importing Assets/LoafbrrAssets/Modular Stage/Textures/StageTrim/StageTrim_Normal_1K.png using Guid(155286b7c13fc0045a0b834a3d252e6b) Importer(2089858483,b0f066a214c2f5e87bad3c948f4d605d) (ScriptedImporter) -> (artifact id: '6c7906de7781022af07b6f4ff46e40eb') in 0.0333863 seconds
Number of updated asset objects reloaded before import = 0Number of asset objects unloaded after import = 1

========================================================================
Received Import Request.
  Time since last request: 0.000039 seconds.
  path: Assets/LoafbrrAssets/Modular Stage/fbx
  artifactKey: Guid(991708dc66f33ef468f27908bcab0f69) Importer(2089858483,b0f066a214c2f5e87bad3c948f4d605d)
Start importing Assets/LoafbrrAssets/Modular Stage/fbx using Guid(991708dc66f33ef468f27908bcab0f69) Importer(2089858483,b0f066a214c2f5e87bad3c948f4d605d) (ScriptedImporter) -> (artifact id: 'ac107bdc7cb2fc3ec43e99c60373377d') in 0.0189847 seconds
Number of updated asset objects reloaded before import = 0Number of asset objects unloaded after import = 1

========================================================================
Received Import Request.
  Time since last request: 0.000028 seconds.
  path: Assets/LoafbrrAssets/Modular Stage/prefab/StageParts/Stage_Stairs_B.prefab
  artifactKey: Guid(645b318822cd2184b992ae0f37388551) Importer(2089858483,b0f066a214c2f5e87bad3c948f4d605d)
Start importing Assets/LoafbrrAssets/Modular Stage/prefab/StageParts/Stage_Stairs_B.prefab using Guid(645b318822cd2184b992ae0f37388551) Importer(2089858483,b0f066a214c2f5e87bad3c948f4d605d) (ScriptedImporter) -> (artifact id: '822d066941f7147540c3580e12cb8c29') in 0.0276623 seconds
Number of updated asset objects reloaded before import = 0Number of asset objects unloaded after import = 10

========================================================================
Received Import Request.
  Time since last request: 0.000023 seconds.
  path: Assets/LoafbrrAssets/Modular Stage
  artifactKey: Guid(b0579101d80df2747a1c8790c3a6cbe6) Importer(2089858483,b0f066a214c2f5e87bad3c948f4d605d)
Start importing Assets/LoafbrrAssets/Modular Stage using Guid(b0579101d80df2747a1c8790c3a6cbe6) Importer(2089858483,b0f066a214c2f5e87bad3c948f4d605d) (ScriptedImporter) -> (artifact id: 'c9ea99bdf5920eaf2295ed651dcd8c1d') in 0.0204082 seconds
Number of updated asset objects reloaded before import = 0Number of asset objects unloaded after import = 1

========================================================================
Received Import Request.
  Time since last request: 0.000505 seconds.
  path: Assets/LoafbrrAssets/Modular Stage/prefab/StageParts/Truss_Beam_Corner_A.prefab
  artifactKey: Guid(502d8de4d2ae8714a88677329678148d) Importer(2089858483,b0f066a214c2f5e87bad3c948f4d605d)
Start importing Assets/LoafbrrAssets/Modular Stage/prefab/StageParts/Truss_Beam_Corner_A.prefab using Guid(502d8de4d2ae8714a88677329678148d) Importer(2089858483,b0f066a214c2f5e87bad3c948f4d605d) (ScriptedImporter) -> (artifact id: '9d9b76b37cb95f3793ffc20403d4fc71') in 0.0285851 seconds
Number of updated asset objects reloaded before import = 0Number of asset objects unloaded after import = 10

========================================================================
Received Import Request.
  Time since last request: 0.000081 seconds.
  path: Assets/LoafbrrAssets/Modular Stage/prefab/Stage_Built_C.prefab
  artifactKey: Guid(236422566e2418f44a43e3a7ead6c50c) Importer(2089858483,b0f066a214c2f5e87bad3c948f4d605d)
Start importing Assets/LoafbrrAssets/Modular Stage/prefab/Stage_Built_C.prefab using Guid(236422566e2418f44a43e3a7ead6c50c) Importer(2089858483,b0f066a214c2f5e87bad3c948f4d605d) (ScriptedImporter) -> (artifact id: 'b623710e670610be86dbc850c50ada86') in 0.0779451 seconds
Number of updated asset objects reloaded before import = 0Number of asset objects unloaded after import = 22

========================================================================
Received Import Request.
  Time since last request: 0.000025 seconds.
  path: Assets/LoafbrrAssets/Modular Stage/prefab/StageParts/Stage_Support_C_2S.prefab
  artifactKey: Guid(9ab5f5cde2f035a428768215152e3936) Importer(2089858483,b0f066a214c2f5e87bad3c948f4d605d)
Start importing Assets/LoafbrrAssets/Modular Stage/prefab/StageParts/Stage_Support_C_2S.prefab using Guid(9ab5f5cde2f035a428768215152e3936) Importer(2089858483,b0f066a214c2f5e87bad3c948f4d605d) (ScriptedImporter) -> (artifact id: 'c69e589cffef53038a89c5f2e3fc3635') in 0.0371681 seconds
Number of updated asset objects reloaded before import = 0Number of asset objects unloaded after import = 10

========================================================================
Received Import Request.
  Time since last request: 0.000031 seconds.
  path: Assets/LoafbrrAssets/Modular Stage/prefab/StageParts/Truss_Beam_Arc_B_Side.prefab
  artifactKey: Guid(fadc7b10a0269be42bf12a7584b3623a) Importer(2089858483,b0f066a214c2f5e87bad3c948f4d605d)
Start importing Assets/LoafbrrAssets/Modular Stage/prefab/StageParts/Truss_Beam_Arc_B_Side.prefab using Guid(fadc7b10a0269be42bf12a7584b3623a) Importer(2089858483,b0f066a214c2f5e87bad3c948f4d605d) (ScriptedImporter) -> (artifact id: 'fa790f694db0bc019ec8be0a494c5836') in 0.0409611 seconds
Number of updated asset objects reloaded before import = 0Number of asset objects unloaded after import = 10

========================================================================
Received Import Request.
  Time since last request: 0.000068 seconds.
  path: Assets/LoafbrrAssets/Modular Stage/prefab/StageParts/Truss_Beam_Corner_Middle.prefab
  artifactKey: Guid(23c7e0ac54492cb46bb5247c86a59a37) Importer(2089858483,b0f066a214c2f5e87bad3c948f4d605d)
Start importing Assets/LoafbrrAssets/Modular Stage/prefab/StageParts/Truss_Beam_Corner_Middle.prefab using Guid(23c7e0ac54492cb46bb5247c86a59a37) Importer(2089858483,b0f066a214c2f5e87bad3c948f4d605d) (ScriptedImporter) -> (artifact id: 'bc25b38bebf7e2af71bb2c9922b9914f') in 0.053316 seconds
Number of updated asset objects reloaded before import = 0Number of asset objects unloaded after import = 10

========================================================================
Received Import Request.
  Time since last request: 0.000023 seconds.
  path: Assets/LoafbrrAssets/Modular Stage/Textures/StageTrim/StageTrim_Metalness_2K.png
  artifactKey: Guid(aa5c7181fc8a84d45bd6683a8e543f23) Importer(2089858483,b0f066a214c2f5e87bad3c948f4d605d)
Start importing Assets/LoafbrrAssets/Modular Stage/Textures/StageTrim/StageTrim_Metalness_2K.png using Guid(aa5c7181fc8a84d45bd6683a8e543f23) Importer(2089858483,b0f066a214c2f5e87bad3c948f4d605d) (ScriptedImporter) -> (artifact id: '1cbc4b3071407f787d0c9ec1802cf537') in 0.030922 seconds
Number of updated asset objects reloaded before import = 0Number of asset objects unloaded after import = 1

========================================================================
Received Import Request.
  Time since last request: 0.000026 seconds.
  path: Assets/LoafbrrAssets/Modular Stage/Textures/StageTrim/StageTrim_Ambient Occlusion_1K.png
  artifactKey: Guid(3a05928953f36f54b9b7ade4ee746205) Importer(2089858483,b0f066a214c2f5e87bad3c948f4d605d)
Start importing Assets/LoafbrrAssets/Modular Stage/Textures/StageTrim/StageTrim_Ambient Occlusion_1K.png using Guid(3a05928953f36f54b9b7ade4ee746205) Importer(2089858483,b0f066a214c2f5e87bad3c948f4d605d) (ScriptedImporter) -> (artifact id: '265ccfc9a00bf4c164cbad203bd7fa0d') in 0.0265218 seconds
Number of updated asset objects reloaded before import = 0Number of asset objects unloaded after import = 1

========================================================================
Received Import Request.
  Time since last request: 0.000038 seconds.
  path: Assets/LoafbrrAssets/Modular Stage/prefab/StageParts/Truss_Pillar.prefab
  artifactKey: Guid(05bc66f406e7693439d64ad85237b183) Importer(2089858483,b0f066a214c2f5e87bad3c948f4d605d)
Start importing Assets/LoafbrrAssets/Modular Stage/prefab/StageParts/Truss_Pillar.prefab using Guid(05bc66f406e7693439d64ad85237b183) Importer(2089858483,b0f066a214c2f5e87bad3c948f4d605d) (ScriptedImporter) -> (artifact id: '30bb08a9fefc424e0de5636f538d1ea1') in 0.0261007 seconds
Number of updated asset objects reloaded before import = 0Number of asset objects unloaded after import = 10

========================================================================
Received Import Request.
  Time since last request: 0.000021 seconds.
  path: Assets/LoafbrrAssets/Modular Stage/prefab/StageParts/Truss_Beam_Arc_A_Side.prefab
  artifactKey: Guid(2ce31be556001104baea52eb482c182b) Importer(2089858483,b0f066a214c2f5e87bad3c948f4d605d)
Start importing Assets/LoafbrrAssets/Modular Stage/prefab/StageParts/Truss_Beam_Arc_A_Side.prefab using Guid(2ce31be556001104baea52eb482c182b) Importer(2089858483,b0f066a214c2f5e87bad3c948f4d605d) (ScriptedImporter) -> (artifact id: '8e93739507d7a1c72b18159cdc7e241f') in 0.0290211 seconds
Number of updated asset objects reloaded before import = 0Number of asset objects unloaded after import = 10

========================================================================
Received Import Request.
  Time since last request: 0.000023 seconds.
  path: Assets/LoafbrrAssets/Modular Stage/prefab/StageParts/Stage_Support_C_3S.prefab
  artifactKey: Guid(0c42a8585adf71743a9cc89f12b5e9ef) Importer(2089858483,b0f066a214c2f5e87bad3c948f4d605d)
Start importing Assets/LoafbrrAssets/Modular Stage/prefab/StageParts/Stage_Support_C_3S.prefab using Guid(0c42a8585adf71743a9cc89f12b5e9ef) Importer(2089858483,b0f066a214c2f5e87bad3c948f4d605d) (ScriptedImporter) -> (artifact id: '71cda3fde5a5b48e08b92e6fa5ebd1b6') in 0.0263413 seconds
Number of updated asset objects reloaded before import = 0Number of asset objects unloaded after import = 10

========================================================================
Received Import Request.
  Time since last request: 0.000025 seconds.
  path: Assets/LoafbrrAssets/Modular Stage/prefab/StageParts/Stage_B_SideShort.prefab
  artifactKey: Guid(863e3ad2814ad994e98399ae954a7c97) Importer(2089858483,b0f066a214c2f5e87bad3c948f4d605d)
Start importing Assets/LoafbrrAssets/Modular Stage/prefab/StageParts/Stage_B_SideShort.prefab using Guid(863e3ad2814ad994e98399ae954a7c97) Importer(2089858483,b0f066a214c2f5e87bad3c948f4d605d) (ScriptedImporter) -> (artifact id: 'a5eeff18d0d92282057a4fc437316e0d') in 0.0241846 seconds
Number of updated asset objects reloaded before import = 0Number of asset objects unloaded after import = 10

========================================================================
Received Import Request.
  Time since last request: 0.000029 seconds.
  path: Assets/LoafbrrAssets/Modular Stage/prefab/StageParts/Stage_A_Side.prefab
  artifactKey: Guid(a2d08da2ef534294a99c4a43284bb245) Importer(2089858483,b0f066a214c2f5e87bad3c948f4d605d)
Start importing Assets/LoafbrrAssets/Modular Stage/prefab/StageParts/Stage_A_Side.prefab using Guid(a2d08da2ef534294a99c4a43284bb245) Importer(2089858483,b0f066a214c2f5e87bad3c948f4d605d) (ScriptedImporter) -> (artifact id: '09f69f0f97adab43aba4674d8dfbcada') in 0.0340493 seconds
Number of updated asset objects reloaded before import = 0Number of asset objects unloaded after import = 10

========================================================================
Received Import Request.
  Time since last request: 0.000017 seconds.
  path: Assets/LoafbrrAssets/Modular Stage/prefab/StageParts/Stage_Rails_Side_Flipped.prefab
  artifactKey: Guid(709138300f165d047803337ec7d42982) Importer(2089858483,b0f066a214c2f5e87bad3c948f4d605d)
Start importing Assets/LoafbrrAssets/Modular Stage/prefab/StageParts/Stage_Rails_Side_Flipped.prefab using Guid(709138300f165d047803337ec7d42982) Importer(2089858483,b0f066a214c2f5e87bad3c948f4d605d) (ScriptedImporter) -> (artifact id: '3090979d4137e4156c14f4c28312d329') in 0.0235109 seconds
Number of updated asset objects reloaded before import = 0Number of asset objects unloaded after import = 10

========================================================================
Received Import Request.
  Time since last request: 0.000033 seconds.
  path: Assets/LoafbrrAssets/Modular Stage/prefab/StageParts/Stage_Support_B_3S.prefab
  artifactKey: Guid(e5715f3bc33a3ce40a3e2674285b05b3) Importer(2089858483,b0f066a214c2f5e87bad3c948f4d605d)
Start importing Assets/LoafbrrAssets/Modular Stage/prefab/StageParts/Stage_Support_B_3S.prefab using Guid(e5715f3bc33a3ce40a3e2674285b05b3) Importer(2089858483,b0f066a214c2f5e87bad3c948f4d605d) (ScriptedImporter) -> (artifact id: 'c33c436c6da4cd9fa4c5241590be5ebf') in 0.0232172 seconds
Number of updated asset objects reloaded before import = 0Number of asset objects unloaded after import = 10

========================================================================
Received Import Request.
  Time since last request: 0.000020 seconds.
  path: Assets/LoafbrrAssets
  artifactKey: Guid(72ea9793dc7c61c42a4bb2d5be81448b) Importer(2089858483,b0f066a214c2f5e87bad3c948f4d605d)
Start importing Assets/LoafbrrAssets using Guid(72ea9793dc7c61c42a4bb2d5be81448b) Importer(2089858483,b0f066a214c2f5e87bad3c948f4d605d) (ScriptedImporter) -> (artifact id: '041f552b8b3e1bc976ca2c6cc6a278d7') in 0.0155332 seconds
Number of updated asset objects reloaded before import = 0Number of asset objects unloaded after import = 1

========================================================================
Received Import Request.
  Time since last request: 0.000034 seconds.
  path: Assets/LoafbrrAssets/Modular Stage/prefab/StageParts/Barrier.prefab
  artifactKey: Guid(9c65a5b61fb2f69438340ac7156dad46) Importer(2089858483,b0f066a214c2f5e87bad3c948f4d605d)
Start importing Assets/LoafbrrAssets/Modular Stage/prefab/StageParts/Barrier.prefab using Guid(9c65a5b61fb2f69438340ac7156dad46) Importer(2089858483,b0f066a214c2f5e87bad3c948f4d605d) (ScriptedImporter) -> (artifact id: '7c8fb91564236b9b31eaf0af4f482893') in 0.0223117 seconds
Number of updated asset objects reloaded before import = 0Number of asset objects unloaded after import = 10

========================================================================
Received Import Request.
  Time since last request: 0.000019 seconds.
  path: Assets/LoafbrrAssets/Modular Stage/prefab/StageParts/Truss_Beam_Arc_C_Middle.prefab
  artifactKey: Guid(656b8f7bfe5ffe44d988323a1d785344) Importer(2089858483,b0f066a214c2f5e87bad3c948f4d605d)
Start importing Assets/LoafbrrAssets/Modular Stage/prefab/StageParts/Truss_Beam_Arc_C_Middle.prefab using Guid(656b8f7bfe5ffe44d988323a1d785344) Importer(2089858483,b0f066a214c2f5e87bad3c948f4d605d) (ScriptedImporter) -> (artifact id: '6a4d1d18df0408469495edc9339d0c3e') in 0.0192375 seconds
Number of updated asset objects reloaded before import = 0Number of asset objects unloaded after import = 10

========================================================================
Received Import Request.
  Time since last request: 0.000022 seconds.
  path: Assets/LoafbrrAssets/Modular Stage/prefab/StageParts/Stage_A.prefab
  artifactKey: Guid(f895c39b8e110e3438e66d3f92f33e58) Importer(2089858483,b0f066a214c2f5e87bad3c948f4d605d)
Start importing Assets/LoafbrrAssets/Modular Stage/prefab/StageParts/Stage_A.prefab using Guid(f895c39b8e110e3438e66d3f92f33e58) Importer(2089858483,b0f066a214c2f5e87bad3c948f4d605d) (ScriptedImporter) -> (artifact id: '53b78a90d90111d5d7fcaa3f50563f05') in 0.0213184 seconds
Number of updated asset objects reloaded before import = 0Number of asset objects unloaded after import = 10

========================================================================
Received Import Request.
  Time since last request: 0.000017 seconds.
  path: Assets/LoafbrrAssets/Modular Stage/prefab/StageParts/Stage_Support_B_Truss.prefab
  artifactKey: Guid(ef07d5ff27c9a084bb421fb72d23cc5a) Importer(2089858483,b0f066a214c2f5e87bad3c948f4d605d)
Start importing Assets/LoafbrrAssets/Modular Stage/prefab/StageParts/Stage_Support_B_Truss.prefab using Guid(ef07d5ff27c9a084bb421fb72d23cc5a) Importer(2089858483,b0f066a214c2f5e87bad3c948f4d605d) (ScriptedImporter) -> (artifact id: '4bc40cbe3faf163d726b158c456fbaaf') in 0.0206608 seconds
Number of updated asset objects reloaded before import = 0Number of asset objects unloaded after import = 10

========================================================================
Received Import Request.
  Time since last request: 0.000047 seconds.
  path: Assets/LoafbrrAssets/Modular Stage/prefab/StageParts/Stage_B_Corner.prefab
  artifactKey: Guid(8a34c6c05fa9bf0458d8d1b36eec0de6) Importer(2089858483,b0f066a214c2f5e87bad3c948f4d605d)
Start importing Assets/LoafbrrAssets/Modular Stage/prefab/StageParts/Stage_B_Corner.prefab using Guid(8a34c6c05fa9bf0458d8d1b36eec0de6) Importer(2089858483,b0f066a214c2f5e87bad3c948f4d605d) (ScriptedImporter) -> (artifact id: '5111fdb9be6f4abeb9a380a69e8db0d6') in 0.0259647 seconds
Number of updated asset objects reloaded before import = 0Number of asset objects unloaded after import = 10

========================================================================
Received Import Request.
  Time since last request: 0.000021 seconds.
  path: Assets/LoafbrrAssets/Modular Stage/prefab/StageParts/Stage_Support_B_4S.prefab
  artifactKey: Guid(17edf9583e5b1a0449fa54e377b869fa) Importer(2089858483,b0f066a214c2f5e87bad3c948f4d605d)
Start importing Assets/LoafbrrAssets/Modular Stage/prefab/StageParts/Stage_Support_B_4S.prefab using Guid(17edf9583e5b1a0449fa54e377b869fa) Importer(2089858483,b0f066a214c2f5e87bad3c948f4d605d) (ScriptedImporter) -> (artifact id: 'e2d8e12c81b669c294f59765835d04d1') in 0.0218507 seconds
Number of updated asset objects reloaded before import = 0Number of asset objects unloaded after import = 10

========================================================================
Received Import Request.
  Time since last request: 0.000019 seconds.
  path: Assets/LoafbrrAssets/Modular Stage/prefab/StageParts/Truss_Pillar_Base.prefab
  artifactKey: Guid(3df7b5d92914b454294a44b3d0a45a80) Importer(2089858483,b0f066a214c2f5e87bad3c948f4d605d)
Start importing Assets/LoafbrrAssets/Modular Stage/prefab/StageParts/Truss_Pillar_Base.prefab using Guid(3df7b5d92914b454294a44b3d0a45a80) Importer(2089858483,b0f066a214c2f5e87bad3c948f4d605d) (ScriptedImporter) -> (artifact id: '895fbf51d1f3f1ebcff099975c2b2b39') in 0.019864 seconds
Number of updated asset objects reloaded before import = 0Number of asset objects unloaded after import = 10

========================================================================
Received Import Request.
  Time since last request: 0.000017 seconds.
  path: Assets/LoafbrrAssets/Modular Stage/prefab/Stage_Built_A.prefab
  artifactKey: Guid(faf93393baca46749ae85a799648493a) Importer(2089858483,b0f066a214c2f5e87bad3c948f4d605d)
Start importing Assets/LoafbrrAssets/Modular Stage/prefab/Stage_Built_A.prefab using Guid(faf93393baca46749ae85a799648493a) Importer(2089858483,b0f066a214c2f5e87bad3c948f4d605d) (ScriptedImporter) -> (artifact id: 'a58d03471774542f8790cbaac3e520d4') in 0.015363 seconds
Number of updated asset objects reloaded before import = 0Number of asset objects unloaded after import = 22

========================================================================
Received Import Request.
  Time since last request: 0.000033 seconds.
  path: Assets/LoafbrrAssets/Modular Stage/prefab/StageParts/Truss_Beam_Arc_C_Side_Flipped.prefab
  artifactKey: Guid(ca7360c8b610e844e961e8225a4e8014) Importer(2089858483,b0f066a214c2f5e87bad3c948f4d605d)
Start importing Assets/LoafbrrAssets/Modular Stage/prefab/StageParts/Truss_Beam_Arc_C_Side_Flipped.prefab using Guid(ca7360c8b610e844e961e8225a4e8014) Importer(2089858483,b0f066a214c2f5e87bad3c948f4d605d) (ScriptedImporter) -> (artifact id: '33d8633c9620c461978278860688d139') in 0.0204523 seconds
Number of updated asset objects reloaded before import = 0Number of asset objects unloaded after import = 10

Editor requested this worker to shutdown with reason: Scaling down because of idle timeout
AssetImportWorker is now disconnected from the server
Process exiting
Exiting without the bug reporter. Application will terminate with return code 0